Determining if the include file util.h exists failed with the following output:
Change Dir: /home/qbayle/Test_ssh/spatch/libssh_examples/sample_ssh_server/build/CMakeFiles/CMakeTmp

Run Build Command:"/usr/bin/make" "cmTC_9c023/fast"
/usr/bin/make -f CMakeFiles/cmTC_9c023.dir/build.make CMakeFiles/cmTC_9c023.dir/build
make[1] : on entre dans le répertoire « /home/qbayle/Test_ssh/spatch/libssh_examples/sample_ssh_server/build/CMakeFiles/CMakeTmp »
Building C object CMakeFiles/cmTC_9c023.dir/CheckIncludeFile.c.o
/usr/bin/cc    -std=gnu99 -pedantic -pedantic-errors -Wall -Wextra -Wshadow -Wmissing-prototypes -Wdeclaration-after-statement -Wunused -Wfloat-equal -Wpointer-arith -Wwrite-strings -Wformat-security -Wmissing-format-attribute -fPIC -fstack-protector -D_LARGEFILE64_SOURCE    -o CMakeFiles/cmTC_9c023.dir/CheckIncludeFile.c.o   -c /home/qbayle/Test_ssh/spatch/libssh_examples/sample_ssh_server/build/CMakeFiles/CMakeTmp/CheckIncludeFile.c
/home/qbayle/Test_ssh/spatch/libssh_examples/sample_ssh_server/build/CMakeFiles/CMakeTmp/CheckIncludeFile.c:1:18: fatal error: util.h: Aucun fichier ou dossier de ce type
compilation terminated.
CMakeFiles/cmTC_9c023.dir/build.make:65 : la recette pour la cible « CMakeFiles/cmTC_9c023.dir/CheckIncludeFile.c.o » a échouée
make[1]: *** [CMakeFiles/cmTC_9c023.dir/CheckIncludeFile.c.o] Erreur 1
make[1] : on quitte le répertoire « /home/qbayle/Test_ssh/spatch/libssh_examples/sample_ssh_server/build/CMakeFiles/CMakeTmp »
Makefile:126 : la recette pour la cible « cmTC_9c023/fast » a échouée
make: *** [cmTC_9c023/fast] Erreur 2


Determining if the include file libutil.h exists failed with the following output:
Change Dir: /home/qbayle/Test_ssh/spatch/libssh_examples/sample_ssh_server/build/CMakeFiles/CMakeTmp

Run Build Command:"/usr/bin/make" "cmTC_bb199/fast"
/usr/bin/make -f CMakeFiles/cmTC_bb199.dir/build.make CMakeFiles/cmTC_bb199.dir/build
make[1] : on entre dans le répertoire « /home/qbayle/Test_ssh/spatch/libssh_examples/sample_ssh_server/build/CMakeFiles/CMakeTmp »
Building C object CMakeFiles/cmTC_bb199.dir/CheckIncludeFile.c.o
/usr/bin/cc    -std=gnu99 -pedantic -pedantic-errors -Wall -Wextra -Wshadow -Wmissing-prototypes -Wdeclaration-after-statement -Wunused -Wfloat-equal -Wpointer-arith -Wwrite-strings -Wformat-security -Wmissing-format-attribute -fPIC -fstack-protector -D_LARGEFILE64_SOURCE    -o CMakeFiles/cmTC_bb199.dir/CheckIncludeFile.c.o   -c /home/qbayle/Test_ssh/spatch/libssh_examples/sample_ssh_server/build/CMakeFiles/CMakeTmp/CheckIncludeFile.c
/home/qbayle/Test_ssh/spatch/libssh_examples/sample_ssh_server/build/CMakeFiles/CMakeTmp/CheckIncludeFile.c:1:21: fatal error: libutil.h: Aucun fichier ou dossier de ce type
compilation terminated.
CMakeFiles/cmTC_bb199.dir/build.make:65 : la recette pour la cible « CMakeFiles/cmTC_bb199.dir/CheckIncludeFile.c.o » a échouée
make[1]: *** [CMakeFiles/cmTC_bb199.dir/CheckIncludeFile.c.o] Erreur 1
make[1] : on quitte le répertoire « /home/qbayle/Test_ssh/spatch/libssh_examples/sample_ssh_server/build/CMakeFiles/CMakeTmp »
Makefile:126 : la recette pour la cible « cmTC_bb199/fast » a échouée
make: *** [cmTC_bb199/fast] Erreur 2


Determining if the include file sys/utime.h exists failed with the following output:
Change Dir: /home/qbayle/Test_ssh/spatch/libssh_examples/sample_ssh_server/build/CMakeFiles/CMakeTmp

Run Build Command:"/usr/bin/make" "cmTC_51868/fast"
/usr/bin/make -f CMakeFiles/cmTC_51868.dir/build.make CMakeFiles/cmTC_51868.dir/build
make[1] : on entre dans le répertoire « /home/qbayle/Test_ssh/spatch/libssh_examples/sample_ssh_server/build/CMakeFiles/CMakeTmp »
Building C object CMakeFiles/cmTC_51868.dir/CheckIncludeFile.c.o
/usr/bin/cc    -std=gnu99 -pedantic -pedantic-errors -Wall -Wextra -Wshadow -Wmissing-prototypes -Wdeclaration-after-statement -Wunused -Wfloat-equal -Wpointer-arith -Wwrite-strings -Wformat-security -Wmissing-format-attribute -fPIC -fstack-protector -D_LARGEFILE64_SOURCE    -o CMakeFiles/cmTC_51868.dir/CheckIncludeFile.c.o   -c /home/qbayle/Test_ssh/spatch/libssh_examples/sample_ssh_server/build/CMakeFiles/CMakeTmp/CheckIncludeFile.c
/home/qbayle/Test_ssh/spatch/libssh_examples/sample_ssh_server/build/CMakeFiles/CMakeTmp/CheckIncludeFile.c:1:23: fatal error: sys/utime.h: Aucun fichier ou dossier de ce type
compilation terminated.
CMakeFiles/cmTC_51868.dir/build.make:65 : la recette pour la cible « CMakeFiles/cmTC_51868.dir/CheckIncludeFile.c.o » a échouée
make[1]: *** [CMakeFiles/cmTC_51868.dir/CheckIncludeFile.c.o] Erreur 1
make[1] : on quitte le répertoire « /home/qbayle/Test_ssh/spatch/libssh_examples/sample_ssh_server/build/CMakeFiles/CMakeTmp »
Makefile:126 : la recette pour la cible « cmTC_51868/fast » a échouée
make: *** [cmTC_51868/fast] Erreur 2


Determining if the ntohll exist failed with the following output:
Change Dir: /home/qbayle/Test_ssh/spatch/libssh_examples/sample_ssh_server/build/CMakeFiles/CMakeTmp

Run Build Command:"/usr/bin/make" "cmTC_bf335/fast"
/usr/bin/make -f CMakeFiles/cmTC_bf335.dir/build.make CMakeFiles/cmTC_bf335.dir/build
make[1] : on entre dans le répertoire « /home/qbayle/Test_ssh/spatch/libssh_examples/sample_ssh_server/build/CMakeFiles/CMakeTmp »
Building C object CMakeFiles/cmTC_bf335.dir/CheckSymbolExists.c.o
/usr/bin/cc    -std=gnu99 -pedantic -pedantic-errors -Wall -Wextra -Wshadow -Wmissing-prototypes -Wdeclaration-after-statement -Wunused -Wfloat-equal -Wpointer-arith -Wwrite-strings -Wformat-security -Wmissing-format-attribute -fPIC -fstack-protector -D_LARGEFILE64_SOURCE    -o CMakeFiles/cmTC_bf335.dir/CheckSymbolExists.c.o   -c /home/qbayle/Test_ssh/spatch/libssh_examples/sample_ssh_server/build/CMakeFiles/CMakeTmp/CheckSymbolExists.c
/home/qbayle/Test_ssh/spatch/libssh_examples/sample_ssh_server/build/CMakeFiles/CMakeTmp/CheckSymbolExists.c: In function ‘main’:
/home/qbayle/Test_ssh/spatch/libssh_examples/sample_ssh_server/build/CMakeFiles/CMakeTmp/CheckSymbolExists.c:8:19: error: ‘ntohll’ undeclared (first use in this function)
   return ((int*)(&ntohll))[argc];
                   ^
/home/qbayle/Test_ssh/spatch/libssh_examples/sample_ssh_server/build/CMakeFiles/CMakeTmp/CheckSymbolExists.c:8:19: note: each undeclared identifier is reported only once for each function it appears in
/home/qbayle/Test_ssh/spatch/libssh_examples/sample_ssh_server/build/CMakeFiles/CMakeTmp/CheckSymbolExists.c:4:14: warning: parameter ‘argc’ set but not used [-Wunused-but-set-parameter]
 int main(int argc, char** argv)
              ^
CMakeFiles/cmTC_bf335.dir/build.make:65 : la recette pour la cible « CMakeFiles/cmTC_bf335.dir/CheckSymbolExists.c.o » a échouée
make[1]: *** [CMakeFiles/cmTC_bf335.dir/CheckSymbolExists.c.o] Erreur 1
make[1] : on quitte le répertoire « /home/qbayle/Test_ssh/spatch/libssh_examples/sample_ssh_server/build/CMakeFiles/CMakeTmp »
Makefile:126 : la recette pour la cible « cmTC_bf335/fast » a échouée
make: *** [cmTC_bf335/fast] Erreur 2

File /home/qbayle/Test_ssh/spatch/libssh_examples/sample_ssh_server/build/CMakeFiles/CMakeTmp/CheckSymbolExists.c:
/* */
#include <arpa/inet.h>

int main(int argc, char** argv)
{
  (void)argv;
#ifndef ntohll
  return ((int*)(&ntohll))[argc];
#else
  (void)argc;
  return 0;
#endif
}

Determining if the htonll exist failed with the following output:
Change Dir: /home/qbayle/Test_ssh/spatch/libssh_examples/sample_ssh_server/build/CMakeFiles/CMakeTmp

Run Build Command:"/usr/bin/make" "cmTC_03046/fast"
/usr/bin/make -f CMakeFiles/cmTC_03046.dir/build.make CMakeFiles/cmTC_03046.dir/build
make[1] : on entre dans le répertoire « /home/qbayle/Test_ssh/spatch/libssh_examples/sample_ssh_server/build/CMakeFiles/CMakeTmp »
Building C object CMakeFiles/cmTC_03046.dir/CheckSymbolExists.c.o
/usr/bin/cc    -std=gnu99 -pedantic -pedantic-errors -Wall -Wextra -Wshadow -Wmissing-prototypes -Wdeclaration-after-statement -Wunused -Wfloat-equal -Wpointer-arith -Wwrite-strings -Wformat-security -Wmissing-format-attribute -fPIC -fstack-protector -D_LARGEFILE64_SOURCE    -o CMakeFiles/cmTC_03046.dir/CheckSymbolExists.c.o   -c /home/qbayle/Test_ssh/spatch/libssh_examples/sample_ssh_server/build/CMakeFiles/CMakeTmp/CheckSymbolExists.c
/home/qbayle/Test_ssh/spatch/libssh_examples/sample_ssh_server/build/CMakeFiles/CMakeTmp/CheckSymbolExists.c: In function ‘main’:
/home/qbayle/Test_ssh/spatch/libssh_examples/sample_ssh_server/build/CMakeFiles/CMakeTmp/CheckSymbolExists.c:8:19: error: ‘htonll’ undeclared (first use in this function)
   return ((int*)(&htonll))[argc];
                   ^
/home/qbayle/Test_ssh/spatch/libssh_examples/sample_ssh_server/build/CMakeFiles/CMakeTmp/CheckSymbolExists.c:8:19: note: each undeclared identifier is reported only once for each function it appears in
/home/qbayle/Test_ssh/spatch/libssh_examples/sample_ssh_server/build/CMakeFiles/CMakeTmp/CheckSymbolExists.c:4:14: warning: parameter ‘argc’ set but not used [-Wunused-but-set-parameter]
 int main(int argc, char** argv)
              ^
CMakeFiles/cmTC_03046.dir/build.make:65 : la recette pour la cible « CMakeFiles/cmTC_03046.dir/CheckSymbolExists.c.o » a échouée
make[1]: *** [CMakeFiles/cmTC_03046.dir/CheckSymbolExists.c.o] Erreur 1
make[1] : on quitte le répertoire « /home/qbayle/Test_ssh/spatch/libssh_examples/sample_ssh_server/build/CMakeFiles/CMakeTmp »
Makefile:126 : la recette pour la cible « cmTC_03046/fast » a échouée
make: *** [cmTC_03046/fast] Erreur 2

File /home/qbayle/Test_ssh/spatch/libssh_examples/sample_ssh_server/build/CMakeFiles/CMakeTmp/CheckSymbolExists.c:
/* */
#include <arpa/inet.h>

int main(int argc, char** argv)
{
  (void)argv;
#ifndef htonll
  return ((int*)(&htonll))[argc];
#else
  (void)argc;
  return 0;
#endif
}

Determining if the function __strtoull exists failed with the following output:
Change Dir: /home/qbayle/Test_ssh/spatch/libssh_examples/sample_ssh_server/build/CMakeFiles/CMakeTmp

Run Build Command:"/usr/bin/make" "cmTC_48d69/fast"
/usr/bin/make -f CMakeFiles/cmTC_48d69.dir/build.make CMakeFiles/cmTC_48d69.dir/build
make[1] : on entre dans le répertoire « /home/qbayle/Test_ssh/spatch/libssh_examples/sample_ssh_server/build/CMakeFiles/CMakeTmp »
Building C object CMakeFiles/cmTC_48d69.dir/CheckFunctionExists.c.o
/usr/bin/cc    -std=gnu99 -pedantic -pedantic-errors -Wall -Wextra -Wshadow -Wmissing-prototypes -Wdeclaration-after-statement -Wunused -Wfloat-equal -Wpointer-arith -Wwrite-strings -Wformat-security -Wmissing-format-attribute -fPIC -fstack-protector -D_LARGEFILE64_SOURCE -DCHECK_FUNCTION_EXISTS=__strtoull   -o CMakeFiles/cmTC_48d69.dir/CheckFunctionExists.c.o   -c /usr/share/cmake-3.5/Modules/CheckFunctionExists.c
Linking C executable cmTC_48d69
/usr/bin/cmake -E cmake_link_script CMakeFiles/cmTC_48d69.dir/link.txt --verbose=1
/usr/bin/cc   -std=gnu99 -pedantic -pedantic-errors -Wall -Wextra -Wshadow -Wmissing-prototypes -Wdeclaration-after-statement -Wunused -Wfloat-equal -Wpointer-arith -Wwrite-strings -Wformat-security -Wmissing-format-attribute -fPIC -fstack-protector -D_LARGEFILE64_SOURCE -DCHECK_FUNCTION_EXISTS=__strtoull    CMakeFiles/cmTC_48d69.dir/CheckFunctionExists.c.o  -o cmTC_48d69 -rdynamic -lrt 
CMakeFiles/cmTC_48d69.dir/CheckFunctionExists.c.o : Dans la fonction « main » :
CheckFunctionExists.c:(.text+0x15) : référence indéfinie vers « __strtoull »
collect2: error: ld returned 1 exit status
CMakeFiles/cmTC_48d69.dir/build.make:97 : la recette pour la cible « cmTC_48d69 » a échouée
make[1]: *** [cmTC_48d69] Erreur 1
make[1] : on quitte le répertoire « /home/qbayle/Test_ssh/spatch/libssh_examples/sample_ssh_server/build/CMakeFiles/CMakeTmp »
Makefile:126 : la recette pour la cible « cmTC_48d69/fast » a échouée
make: *** [cmTC_48d69/fast] Erreur 2


Performing C SOURCE FILE Test HAVE_MSC_THREAD_LOCAL_STORAGE failed with the following output:
Change Dir: /home/qbayle/Test_ssh/spatch/libssh_examples/sample_ssh_server/build/CMakeFiles/CMakeTmp

Run Build Command:"/usr/bin/make" "cmTC_2bb3c/fast"
/usr/bin/make -f CMakeFiles/cmTC_2bb3c.dir/build.make CMakeFiles/cmTC_2bb3c.dir/build
make[1] : on entre dans le répertoire « /home/qbayle/Test_ssh/spatch/libssh_examples/sample_ssh_server/build/CMakeFiles/CMakeTmp »
Building C object CMakeFiles/cmTC_2bb3c.dir/src.c.o
/usr/bin/cc    -std=gnu99 -pedantic -pedantic-errors -Wall -Wextra -Wshadow -Wmissing-prototypes -Wdeclaration-after-statement -Wunused -Wfloat-equal -Wpointer-arith -Wwrite-strings -Wformat-security -Wmissing-format-attribute -fPIC -fstack-protector -D_LARGEFILE64_SOURCE -DHAVE_MSC_THREAD_LOCAL_STORAGE   -o CMakeFiles/cmTC_2bb3c.dir/src.c.o   -c /home/qbayle/Test_ssh/spatch/libssh_examples/sample_ssh_server/build/CMakeFiles/CMakeTmp/src.c
/home/qbayle/Test_ssh/spatch/libssh_examples/sample_ssh_server/build/CMakeFiles/CMakeTmp/src.c:2:1: error: return type defaults to ‘int’ [-Wimplicit-int]
 __declspec(thread) int tls;
 ^
/home/qbayle/Test_ssh/spatch/libssh_examples/sample_ssh_server/build/CMakeFiles/CMakeTmp/src.c:2:1: warning: no previous prototype for ‘__declspec’ [-Wmissing-prototypes]
/home/qbayle/Test_ssh/spatch/libssh_examples/sample_ssh_server/build/CMakeFiles/CMakeTmp/src.c: In function ‘__declspec’:
/home/qbayle/Test_ssh/spatch/libssh_examples/sample_ssh_server/build/CMakeFiles/CMakeTmp/src.c:4:16: error: expected ‘=’, ‘,’, ‘;’, ‘asm’ or ‘__attribute__’ before ‘{’ token
 int main(void) {
                ^
/home/qbayle/Test_ssh/spatch/libssh_examples/sample_ssh_server/build/CMakeFiles/CMakeTmp/src.c:2:1: error: type of ‘thread’ defaults to ‘int’ [-Wimplicit-int]
 __declspec(thread) int tls;
 ^
/home/qbayle/Test_ssh/spatch/libssh_examples/sample_ssh_server/build/CMakeFiles/CMakeTmp/src.c:2:24: error: declaration for parameter ‘tls’ but no such parameter
 __declspec(thread) int tls;
                        ^
/home/qbayle/Test_ssh/spatch/libssh_examples/sample_ssh_server/build/CMakeFiles/CMakeTmp/src.c:6:1: error: expected ‘{’ at end of input
 }
 ^
/home/qbayle/Test_ssh/spatch/libssh_examples/sample_ssh_server/build/CMakeFiles/CMakeTmp/src.c:2:1: warning: unused parameter ‘thread’ [-Wunused-parameter]
 __declspec(thread) int tls;
 ^
/home/qbayle/Test_ssh/spatch/libssh_examples/sample_ssh_server/build/CMakeFiles/CMakeTmp/src.c:2:24: warning: unused parameter ‘tls’ [-Wunused-parameter]
 __declspec(thread) int tls;
                        ^
/home/qbayle/Test_ssh/spatch/libssh_examples/sample_ssh_server/build/CMakeFiles/CMakeTmp/src.c:6:1: warning: control reaches end of non-void function [-Wreturn-type]
 }
 ^
CMakeFiles/cmTC_2bb3c.dir/build.make:65 : la recette pour la cible « CMakeFiles/cmTC_2bb3c.dir/src.c.o » a échouée
make[1]: *** [CMakeFiles/cmTC_2bb3c.dir/src.c.o] Erreur 1
make[1] : on quitte le répertoire « /home/qbayle/Test_ssh/spatch/libssh_examples/sample_ssh_server/build/CMakeFiles/CMakeTmp »
Makefile:126 : la recette pour la cible « cmTC_2bb3c/fast » a échouée
make: *** [cmTC_2bb3c/fast] Erreur 2

Source file was:

__declspec(thread) int tls;

int main(void) {
    return 0;
}
Performing C SOURCE FILE Test HAVE_COMPILER__FUNCTION__ failed with the following output:
Change Dir: /home/qbayle/Test_ssh/spatch/libssh_examples/sample_ssh_server/build/CMakeFiles/CMakeTmp

Run Build Command:"/usr/bin/make" "cmTC_6799e/fast"
/usr/bin/make -f CMakeFiles/cmTC_6799e.dir/build.make CMakeFiles/cmTC_6799e.dir/build
make[1] : on entre dans le répertoire « /home/qbayle/Test_ssh/spatch/libssh_examples/sample_ssh_server/build/CMakeFiles/CMakeTmp »
Building C object CMakeFiles/cmTC_6799e.dir/src.c.o
/usr/bin/cc    -std=gnu99 -pedantic -pedantic-errors -Wall -Wextra -Wshadow -Wmissing-prototypes -Wdeclaration-after-statement -Wunused -Wfloat-equal -Wpointer-arith -Wwrite-strings -Wformat-security -Wmissing-format-attribute -fPIC -fstack-protector -D_LARGEFILE64_SOURCE -DHAVE_COMPILER__FUNCTION__   -o CMakeFiles/cmTC_6799e.dir/src.c.o   -c /home/qbayle/Test_ssh/spatch/libssh_examples/sample_ssh_server/build/CMakeFiles/CMakeTmp/src.c
/home/qbayle/Test_ssh/spatch/libssh_examples/sample_ssh_server/build/CMakeFiles/CMakeTmp/src.c: In function ‘main’:
/home/qbayle/Test_ssh/spatch/libssh_examples/sample_ssh_server/build/CMakeFiles/CMakeTmp/src.c:4:18: error: ISO C does not support ‘__FUNCTION__’ predefined identifier [-Wpedantic]
     printf("%s", __FUNCTION__);
                  ^
CMakeFiles/cmTC_6799e.dir/build.make:65 : la recette pour la cible « CMakeFiles/cmTC_6799e.dir/src.c.o » a échouée
make[1]: *** [CMakeFiles/cmTC_6799e.dir/src.c.o] Erreur 1
make[1] : on quitte le répertoire « /home/qbayle/Test_ssh/spatch/libssh_examples/sample_ssh_server/build/CMakeFiles/CMakeTmp »
Makefile:126 : la recette pour la cible « cmTC_6799e/fast » a échouée
make: *** [cmTC_6799e/fast] Erreur 2

Source file was:

#include <stdio.h>
int main(void) {
    printf("%s", __FUNCTION__);
    return 0;
}
Determining if the system is big endian passed with the following output:
Change Dir: /home/qbayle/Test_ssh/spatch/libssh_examples/sample_ssh_server/build/CMakeFiles/CMakeTmp

Run Build Command:"/usr/bin/make" "cmTC_283d2/fast"
/usr/bin/make -f CMakeFiles/cmTC_283d2.dir/build.make CMakeFiles/cmTC_283d2.dir/build
make[1] : on entre dans le répertoire « /home/qbayle/Test_ssh/spatch/libssh_examples/sample_ssh_server/build/CMakeFiles/CMakeTmp »
Building C object CMakeFiles/cmTC_283d2.dir/TestEndianess.c.o
/usr/bin/cc    -std=gnu99 -pedantic -pedantic-errors -Wall -Wextra -Wshadow -Wmissing-prototypes -Wdeclaration-after-statement -Wunused -Wfloat-equal -Wpointer-arith -Wwrite-strings -Wformat-security -Wmissing-format-attribute -fPIC -fstack-protector -D_LARGEFILE64_SOURCE    -o CMakeFiles/cmTC_283d2.dir/TestEndianess.c.o   -c /home/qbayle/Test_ssh/spatch/libssh_examples/sample_ssh_server/build/CMakeFiles/CMakeTmp/TestEndianess.c
Linking C executable cmTC_283d2
/usr/bin/cmake -E cmake_link_script CMakeFiles/cmTC_283d2.dir/link.txt --verbose=1
/usr/bin/cc   -std=gnu99 -pedantic -pedantic-errors -Wall -Wextra -Wshadow -Wmissing-prototypes -Wdeclaration-after-statement -Wunused -Wfloat-equal -Wpointer-arith -Wwrite-strings -Wformat-security -Wmissing-format-attribute -fPIC -fstack-protector -D_LARGEFILE64_SOURCE     CMakeFiles/cmTC_283d2.dir/TestEndianess.c.o  -o cmTC_283d2 -rdynamic 
make[1] : on quitte le répertoire « /home/qbayle/Test_ssh/spatch/libssh_examples/sample_ssh_server/build/CMakeFiles/CMakeTmp »

TestEndianess.c:
/* A 16 bit integer is required. */
typedef unsigned short cmakeint16;

/* On a little endian machine, these 16bit ints will give "THIS IS LITTLE ENDIAN."
   On a big endian machine the characters will be exchanged pairwise. */
const cmakeint16 info_little[] =  {0x4854, 0x5349, 0x4920, 0x2053, 0x494c, 0x5454, 0x454c, 0x4520, 0x444e, 0x4149, 0x2e4e, 0x0000};

/* on a big endian machine, these 16bit ints will give "THIS IS BIG ENDIAN."
   On a little endian machine the characters will be exchanged pairwise. */
const cmakeint16 info_big[] =     {0x5448, 0x4953, 0x2049, 0x5320, 0x4249, 0x4720, 0x454e, 0x4449, 0x414e, 0x2e2e, 0x0000};

#ifdef __CLASSIC_C__
int main(argc, argv) int argc; char *argv[];
#else
int main(int argc, char *argv[])
#endif
{
  int require = 0;
  require += info_little[argc];
  require += info_big[argc];
  (void)argv;
  return require;
}


